Alert : File does not exsist : test.scm
Alert : File does not exsist : t2.level
Alert : File does not exsist : x:/crack/golgotha/building
Alert : File does not exsist : x:/crack/golgotha/objects
Alert : File does not exsist : ../i4/resource
Alert : File does not exsist : res
Alert : File does not exsist : res
Alert : File does not exsist : c:/tmp/mip_textures
Alert : File does not exsist : c:/tmp/mip_textures/pals
Alert : File does not exsist : f:/crack/golgotha/models.res
Alert : File does not exsist : f:/crack/golgotha/models/building
Alert : File does not exsist : f:/crack/golgotha/models/object
Alert : File does not exsist : f:/crack/golgotha/models/test
Alert : File does not exsist : bitmaps
Alert : File does not exsist : bitmaps/background
Alert : File does not exsist : bitmaps/logos
Alert : File does not exsist : bitmaps/build
Alert : File does not exsist : bitmaps/stank
Alert : File does not exsist : scheme
Alert : File does not exsist : sfx
